# JRE version: Java(TM) SE Runtime Environment (8.0_66-b18) (build 1.8.0_66-b18)
# Java VM: Java HotSpot(TM) 64-Bit Server VM (25.66-b18 mixed mode windows-amd64 compressed oops)
Heap:
 PSYoungGen      total 56832K, used 15536K [0x00000007bc400000, 0x00000007c0000000, 0x00000007c0000000)
  eden space 52224K, 29% used [0x00000007bc400000,0x00000007bd32c210,0x00000007bf700000)
  from space 4608K, 0% used [0x00000007bf700000,0x00000007bf700000,0x00000007bfb80000)
  to   space 4096K, 0% used [0x00000007bfc00000,0x00000007bfc00000,0x00000007c0000000)
 ParOldGen       total 158720K, used 31633K [0x0000000700000000, 0x0000000709b00000, 0x00000007bc400000)
  object space 158720K, 19% used [0x0000000700000000,0x0000000701ee47d8,0x0000000709b00000)
 Metaspace       used 52937K, capacity 53381K, committed 53888K, reserved 1095680K
  class space    used 7357K, capacity 7450K, committed 7552K, reserved 1048576K
GC Heap History (10 events):
Event: 174456.429 GC heap before
{Heap before GC invocations=50 (full 8):
 PSYoungGen      total 55296K, used 50656K [0x00000007bc400000, 0x00000007c0000000, 0x00000007c0000000)
  eden space 49664K, 100% used [0x00000007bc400000,0x00000007bf480000,0x00000007bf480000)
  from space 5632K, 17% used [0x00000007bf480000,0x00000007bf578000,0x00000007bfa00000)
  to   space 5120K, 0% used [0x00000007bfb00000,0x00000007bfb00000,0x00000007c0000000)
 ParOldGen       total 158720K, used 31722K [0x0000000700000000, 0x0000000709b00000, 0x00000007bc400000)
  object space 158720K, 19% used [0x0000000700000000,0x0000000701efa870,0x0000000709b00000)
 Metaspace       used 52666K, capacity 53125K, committed 53632K, reserved 1095680K
  class space    used 7356K, capacity 7450K, committed 7552K, reserved 1048576K
Event: 174461.406 GC heap after
Heap after GC invocations=50 (full 8):
 PSYoungGen      total 56320K, used 1832K [0x00000007bc400000, 0x00000007c0000000, 0x00000007c0000000)
  eden space 51200K, 0% used [0x00000007bc400000,0x00000007bc400000,0x00000007bf600000)
  from space 5120K, 35% used [0x00000007bfb00000,0x00000007bfcca1a0,0x00000007c0000000)
  to   space 5120K, 0% used [0x00000007bf600000,0x00000007bf600000,0x00000007bfb00000)
 ParOldGen       total 158720K, used 31722K [0x0000000700000000, 0x0000000709b00000, 0x00000007bc400000)
  object space 158720K, 19% used [0x0000000700000000,0x0000000701efa870,0x0000000709b00000)
 Metaspace       used 52666K, capacity 53125K, committed 53632K, reserved 1095680K
  class space    used 7356K, capacity 7450K, committed 7552K, reserved 1048576K
}
Event: 174636.736 GC heap before
{Heap before GC invocations=51 (full 8):
 PSYoungGen      total 56320K, used 53032K [0x00000007bc400000, 0x00000007c0000000, 0x00000007c0000000)
  eden space 51200K, 100% used [0x00000007bc400000,0x00000007bf600000,0x00000007bf600000)
  from space 5120K, 35% used [0x00000007bfb00000,0x00000007bfcca1a0,0x00000007c0000000)
  to   space 5120K, 0% used [0x00000007bf600000,0x00000007bf600000,0x00000007bfb00000)
 ParOldGen       total 158720K, used 31722K [0x0000000700000000, 0x0000000709b00000, 0x00000007bc400000)
  object space 158720K, 19% used [0x0000000700000000,0x0000000701efa870,0x0000000709b00000)
 Metaspace       used 52855K, capacity 53317K, committed 53888K, reserved 1095680K
  class space    used 7356K, capacity 7450K, committed 7552K, reserved 1048576K
Event: 174636.970 GC heap after
Heap after GC invocations=51 (full 8):
 PSYoungGen      total 56320K, used 1438K [0x00000007bc400000, 0x00000007c0000000, 0x00000007c0000000)
  eden space 51200K, 0% used [0x00000007bc400000,0x00000007bc400000,0x00000007bf600000)
  from space 5120K, 28% used [0x00000007bf600000,0x00000007bf767a38,0x00000007bfb00000)
  to   space 4608K, 0% used [0x00000007bfb80000,0x00000007bfb80000,0x00000007c0000000)
 ParOldGen       total 158720K, used 31730K [0x0000000700000000, 0x0000000709b00000, 0x00000007bc400000)
  object space 158720K, 19% used [0x0000000700000000,0x0000000701efc870,0x0000000709b00000)
 Metaspace       used 52855K, capacity 53317K, committed 53888K, reserved 1095680K
  class space    used 7356K, capacity 7450K, committed 7552K, reserved 1048576K
}
Event: 174851.073 GC heap before
{Heap before GC invocations=52 (full 8):
 PSYoungGen      total 56320K, used 52638K [0x00000007bc400000, 0x00000007c0000000, 0x00000007c0000000)
  eden space 51200K, 100% used [0x00000007bc400000,0x00000007bf600000,0x00000007bf600000)
  from space 5120K, 28% used [0x00000007bf600000,0x00000007bf767a38,0x00000007bfb00000)
  to   space 4608K, 0% used [0x00000007bfb80000,0x00000007bfb80000,0x00000007c0000000)
 ParOldGen       total 158720K, used 31730K [0x0000000700000000, 0x0000000709b00000, 0x00000007bc400000)
  object space 158720K, 19% used [0x0000000700000000,0x0000000701efc870,0x0000000709b00000)
 Metaspace       used 52923K, capacity 53381K, committed 53888K, reserved 1095680K
  class space    used 7357K, capacity 7450K, committed 7552K, reserved 1048576K
Event: 174851.090 GC heap after
Heap after GC invocations=52 (full 8):
 PSYoungGen      total 56832K, used 1279K [0x00000007bc400000, 0x00000007c0000000, 0x00000007c0000000)
  eden space 52224K, 0% used [0x00000007bc400000,0x00000007bc400000,0x00000007bf700000)
  from space 4608K, 27% used [0x00000007bfb80000,0x00000007bfcbfcb8,0x00000007c0000000)
  to   space 4608K, 0% used [0x00000007bf700000,0x00000007bf700000,0x00000007bfb80000)
 ParOldGen       total 158720K, used 31738K [0x0000000700000000, 0x0000000709b00000, 0x00000007bc400000)
  object space 158720K, 19% used [0x0000000700000000,0x0000000701efe870,0x0000000709b00000)
 Metaspace       used 52923K, capacity 53381K, committed 53888K, reserved 1095680K
  class space    used 7357K, capacity 7450K, committed 7552K, reserved 1048576K
}
Event: 174864.718 GC heap before
{Heap before GC invocations=53 (full 8):
 PSYoungGen      total 56832K, used 5501K [0x00000007bc400000, 0x00000007c0000000, 0x00000007c0000000)
  eden space 52224K, 8% used [0x00000007bc400000,0x00000007bc81fa90,0x00000007bf700000)
  from space 4608K, 27% used [0x00000007bfb80000,0x00000007bfcbfcb8,0x00000007c0000000)
  to   space 4608K, 0% used [0x00000007bf700000,0x00000007bf700000,0x00000007bfb80000)
 ParOldGen       total 158720K, used 31738K [0x0000000700000000, 0x0000000709b00000, 0x00000007bc400000)
  object space 158720K, 19% used [0x0000000700000000,0x0000000701efe870,0x0000000709b00000)
 Metaspace       used 52923K, capacity 53381K, committed 53888K, reserved 1095680K
  class space    used 7357K, capacity 7450K, committed 7552K, reserved 1048576K
Event: 174864.762 GC heap after
Heap after GC invocations=53 (full 8):
 PSYoungGen      total 56832K, used 867K [0x00000007bc400000, 0x00000007c0000000, 0x00000007c0000000)
  eden space 52224K, 0% used [0x00000007bc400000,0x00000007bc400000,0x00000007bf700000)
  from space 4608K, 18% used [0x00000007bf700000,0x00000007bf7d8de8,0x00000007bfb80000)
  to   space 4096K, 0% used [0x00000007bfc00000,0x00000007bfc00000,0x00000007c0000000)
 ParOldGen       total 158720K, used 31738K [0x0000000700000000, 0x0000000709b00000, 0x00000007bc400000)
  object space 158720K, 19% used [0x0000000700000000,0x0000000701efe870,0x0000000709b00000)
 Metaspace       used 52923K, capacity 53381K, committed 53888K, reserved 1095680K
  class space    used 7357K, capacity 7450K, committed 7552K, reserved 1048576K
}
Event: 174864.762 GC heap before
{Heap before GC invocations=54 (full 9):
 PSYoungGen      total 56832K, used 867K [0x00000007bc400000, 0x00000007c0000000, 0x00000007c0000000)
  eden space 52224K, 0% used [0x00000007bc400000,0x00000007bc400000,0x00000007bf700000)
  from space 4608K, 18% used [0x00000007bf700000,0x00000007bf7d8de8,0x00000007bfb80000)
  to   space 4096K, 0% used [0x00000007bfc00000,0x00000007bfc00000,0x00000007c0000000)
 ParOldGen       total 158720K, used 31738K [0x0000000700000000, 0x0000000709b00000, 0x00000007bc400000)
  object space 158720K, 19% used [0x0000000700000000,0x0000000701efe870,0x0000000709b00000)
 Metaspace       used 52923K, capacity 53381K, committed 53888K, reserved 1095680K
  class space    used 7357K, capacity 7450K, committed 7552K, reserved 1048576K
Event: 174867.031 GC heap after
Heap after GC invocations=54 (full 9):
 PSYoungGen      total 56832K, used 0K [0x00000007bc400000, 0x00000007c0000000, 0x00000007c0000000)
  eden space 52224K, 0% used [0x00000007bc400000,0x00000007bc400000,0x00000007bf700000)
  from space 4608K, 0% used [0x00000007bf700000,0x00000007bf700000,0x00000007bfb80000)
  to   space 4096K, 0% used [0x00000007bfc00000,0x00000007bfc00000,0x00000007c0000000)
 ParOldGen       total 158720K, used 31633K [0x0000000700000000, 0x0000000709b00000, 0x00000007bc400000)
  object space 158720K, 19% used [0x0000000700000000,0x0000000701ee47d8,0x0000000709b00000)
 Metaspace       used 52923K, capacity 53381K, committed 53888K, reserved 1095680K
  class space    used 7357K, capacity 7450K, committed 7552K, reserved 1048576K
}

